This is pdfTeX, Version 3.1415926-2.5-1.40.14 (TeX Live 2013/Debian) (format=pdflatex 2015.12.15)  17 DEC 2015 11:36
entering extended mode
 restricted \write18 enabled.
 %&-line parsing enabled.
**PAC3.tex
(./PAC3.tex
LaTeX2e <2011/06/27>
Babel <3.9h> and hyphenation patterns for 5 languages loaded.
(/usr/share/texlive/texmf-dist/tex/latex/base/article.cls
Document Class: article 2007/10/19 v1.4h Standard LaTeX document class
(/usr/share/texlive/texmf-dist/tex/latex/base/size12.clo
File: size12.clo 2007/10/19 v1.4h Standard LaTeX file (size option)
)
\c@part=\count79
\c@section=\count80
\c@subsection=\count81
\c@subsubsection=\count82
\c@paragraph=\count83
\c@subparagraph=\count84
\c@figure=\count85
\c@table=\count86
\abovecaptionskip=\skip41
\belowcaptionskip=\skip42
\bibindent=\dimen102
)
(/usr/share/texlive/texmf-dist/tex/generic/babel/babel.sty
Package: babel 2013/12/03 3.9h The Babel package

(/usr/share/texlive/texmf-dist/tex/generic/babel-catalan/catalan.ldf
Language: catalan 2005/03/29 v2.2p Catalan support from the babel system

(/usr/share/texlive/texmf-dist/tex/generic/babel/babel.def
File: babel.def 2013/12/03 3.9h Babel common definitions
\babel@savecnt=\count87
\U@D=\dimen103
)
Package babel Info: Making " an active character on input line 91.
Warning: You are using encoding OT1 instead of T1.
Some word breaks will not be found.
\leftllkern=\dimen104
\rightllkern=\dimen105
\raiselldim=\dimen106
))
(/usr/share/texlive/texmf-dist/tex/latex/base/inputenc.sty
Package: inputenc 2008/03/30 v1.1d Input encoding file
\inpenc@prehook=\toks14
\inpenc@posthook=\toks15

(/usr/share/texlive/texmf-dist/tex/latex/base/latin1.def
File: latin1.def 2008/03/30 v1.1d Input encoding file
))
(/usr/share/texlive/texmf-dist/tex/latex/setspace/setspace.sty
Package: setspace 2011/12/19 v6.7a set line spacing
)
(/usr/share/texlive/texmf-dist/tex/latex/graphics/graphicx.sty
Package: graphicx 1999/02/16 v1.0f Enhanced LaTeX Graphics (DPC,SPQR)

(/usr/share/texlive/texmf-dist/tex/latex/graphics/keyval.sty
Package: keyval 1999/03/16 v1.13 key=value parser (DPC)
\KV@toks@=\toks16
)
(/usr/share/texlive/texmf-dist/tex/latex/graphics/graphics.sty
Package: graphics 2009/02/05 v1.0o Standard LaTeX Graphics (DPC,SPQR)

(/usr/share/texlive/texmf-dist/tex/latex/graphics/trig.sty
Package: trig 1999/03/16 v1.09 sin cos tan (DPC)
)
(/usr/share/texlive/texmf-dist/tex/latex/latexconfig/graphics.cfg
File: graphics.cfg 2010/04/23 v1.9 graphics configuration of TeX Live
)
Package graphics Info: Driver file: pdftex.def on input line 91.

(/usr/share/texlive/texmf-dist/tex/latex/pdftex-def/pdftex.def
File: pdftex.def 2011/05/27 v0.06d Graphics/color for pdfTeX

(/usr/share/texlive/texmf-dist/tex/generic/oberdiek/infwarerr.sty
Package: infwarerr 2010/04/08 v1.3 Providing info/warning/error messages (HO)
)
(/usr/share/texlive/texmf-dist/tex/generic/oberdiek/ltxcmds.sty
Package: ltxcmds 2011/11/09 v1.22 LaTeX kernel commands for general use (HO)
)
\Gread@gobject=\count88
))
\Gin@req@height=\dimen107
\Gin@req@width=\dimen108
)
(/usr/share/texlive/texmf-dist/tex/latex/framed/framed.sty
Package: framed 2011/10/22 v 0.96: framed or shaded text with page breaks
\OuterFrameSep=\skip43
\fb@frw=\dimen109
\fb@frh=\dimen110
\FrameRule=\dimen111
\FrameSep=\dimen112
)
(/usr/share/texlive/texmf-dist/tex/latex/graphics/color.sty
Package: color 2005/11/14 v1.0j Standard LaTeX Color (DPC)

(/usr/share/texlive/texmf-dist/tex/latex/latexconfig/color.cfg
File: color.cfg 2007/01/18 v1.5 color configuration of teTeX/TeXLive
)
Package color Info: Driver file: pdftex.def on input line 130.
) (./PAC3.aux)
\openout1 = `PAC3.aux'.

LaTeX Font Info:    Checking defaults for OML/cmm/m/it on input line 11.
LaTeX Font Info:    ... okay on input line 11.
LaTeX Font Info:    Checking defaults for T1/cmr/m/n on input line 11.
LaTeX Font Info:    ... okay on input line 11.
LaTeX Font Info:    Checking defaults for OT1/cmr/m/n on input line 11.
LaTeX Font Info:    ... okay on input line 11.
LaTeX Font Info:    Checking defaults for OMS/cmsy/m/n on input line 11.
LaTeX Font Info:    ... okay on input line 11.
LaTeX Font Info:    Checking defaults for OMX/cmex/m/n on input line 11.
LaTeX Font Info:    ... okay on input line 11.
LaTeX Font Info:    Checking defaults for U/cmr/m/n on input line 11.
LaTeX Font Info:    ... okay on input line 11.
LaTeX Info: Redefining \l on input line 11.
LaTeX Info: Redefining \L on input line 11.

(/usr/share/texlive/texmf-dist/tex/context/base/supp-pdf.mkii
[Loading MPS to PDF converter (version 2006.09.02).]
\scratchcounter=\count89
\scratchdimen=\dimen113
\scratchbox=\box26
\nofMPsegments=\count90
\nofMParguments=\count91
\everyMPshowfont=\toks17
\MPscratchCnt=\count92
\MPscratchDim=\dimen114
\MPnumerator=\count93
\makeMPintoPDFobject=\count94
\everyMPtoPDFconversion=\toks18
) (/usr/share/texlive/texmf-dist/tex/generic/oberdiek/pdftexcmds.sty
Package: pdftexcmds 2011/11/29 v0.20 Utility functions of pdfTeX for LuaTeX (HO
)

(/usr/share/texlive/texmf-dist/tex/generic/oberdiek/ifluatex.sty
Package: ifluatex 2010/03/01 v1.3 Provides the ifluatex switch (HO)
Package ifluatex Info: LuaTeX not detected.
)
(/usr/share/texlive/texmf-dist/tex/generic/oberdiek/ifpdf.sty
Package: ifpdf 2011/01/30 v2.3 Provides the ifpdf switch (HO)
Package ifpdf Info: pdfTeX in PDF mode is detected.
)
Package pdftexcmds Info: LuaTeX not detected.
Package pdftexcmds Info: \pdf@primitive is available.
Package pdftexcmds Info: \pdf@ifprimitive is available.
Package pdftexcmds Info: \pdfdraftmode found.
)
(/usr/share/texlive/texmf-dist/tex/latex/oberdiek/epstopdf-base.sty
Package: epstopdf-base 2010/02/09 v2.5 Base part for package epstopdf

(/usr/share/texlive/texmf-dist/tex/latex/oberdiek/grfext.sty
Package: grfext 2010/08/19 v1.1 Manage graphics extensions (HO)

(/usr/share/texlive/texmf-dist/tex/generic/oberdiek/kvdefinekeys.sty
Package: kvdefinekeys 2011/04/07 v1.3 Define keys (HO)
))
(/usr/share/texlive/texmf-dist/tex/latex/oberdiek/kvoptions.sty
Package: kvoptions 2011/06/30 v3.11 Key value format for package options (HO)

(/usr/share/texlive/texmf-dist/tex/generic/oberdiek/kvsetkeys.sty
Package: kvsetkeys 2012/04/25 v1.16 Key value parser (HO)

(/usr/share/texlive/texmf-dist/tex/generic/oberdiek/etexcmds.sty
Package: etexcmds 2011/02/16 v1.5 Avoid name clashes with e-TeX commands (HO)
Package etexcmds Info: Could not find \expanded.
(etexcmds)             That can mean that you are not using pdfTeX 1.50 or
(etexcmds)             that some package has redefined \expanded.
(etexcmds)             In the latter case, load this package earlier.
)))
Package grfext Info: Graphics extension search list:
(grfext)             [.png,.pdf,.jpg,.mps,.jpeg,.jbig2,.jb2,.PNG,.PDF,.JPG,.JPE
G,.JBIG2,.JB2,.eps]
(grfext)             \AppendGraphicsExtensions on input line 452.

(/usr/share/texlive/texmf-dist/tex/latex/latexconfig/epstopdf-sys.cfg
File: epstopdf-sys.cfg 2010/07/13 v1.3 Configuration of (r)epstopdf for TeX Liv
e
))
LaTeX Font Info:    External font `cmex10' loaded for size
(Font)              <14.4> on input line 15.
LaTeX Font Info:    External font `cmex10' loaded for size
(Font)              <7> on input line 15.

[1

{/var/lib/texmf/fonts/map/pdftex/updmap/pdftex.map}] (./PAC3.toc)
\tf@toc=\write3
\openout3 = `PAC3.toc'.

 [2]
LaTeX Font Info:    External font `cmex10' loaded for size
(Font)              <12> on input line 22.
LaTeX Font Info:    External font `cmex10' loaded for size
(Font)              <8> on input line 22.
LaTeX Font Info:    External font `cmex10' loaded for size
(Font)              <6> on input line 22.
LaTeX Font Info:    External font `cmex10' loaded for size
(Font)              <5> on input line 22.

[3] <./images/pic11.png, id=17, 727.71875pt x 566.115pt>
File: ./images/pic11.png Graphic file (type png)

<use ./images/pic11.png>
Package pdftex.def Info: ./images/pic11.png used on input line 27.
(pdftex.def)             Requested size: 390.0pt x 303.39978pt.
LaTeX Font Info:    Try loading font information for OMS+cmr on input line 29.

(/usr/share/texlive/texmf-dist/tex/latex/base/omscmr.fd
File: omscmr.fd 1999/05/25 v2.5h Standard LaTeX font definitions
)
LaTeX Font Info:    Font shape `OMS/cmr/m/n' in size <12> not available
(Font)              Font shape `OMS/cmsy/m/n' tried instead on input line 29.

<./images/pic12.png, id=19, 551.05875pt x 121.45375pt>
File: ./images/pic12.png Graphic file (type png)

<use ./images/pic12.png>
Package pdftex.def Info: ./images/pic12.png used on input line 34.
(pdftex.def)             Requested size: 390.0pt x 85.96031pt.
 [4 <./images/pic11.png>]
<./images/pic13.png, id=26, 494.84875pt x 103.38625pt>
File: ./images/pic13.png Graphic file (type png)

<use ./images/pic13.png>
Package pdftex.def Info: ./images/pic13.png used on input line 45.
(pdftex.def)             Requested size: 390.0pt x 81.4802pt.

<./images/pic14.png, id=27, 629.35126pt x 528.97626pt>
File: ./images/pic14.png Graphic file (type png)

<use ./images/pic14.png>
Package pdftex.def Info: ./images/pic14.png used on input line 51.
(pdftex.def)             Requested size: 390.0pt x 327.80046pt.
 [5 <./images/pic12.png> <./images/pic13.png>]
<./images/pic15.png, id=33, 1020.81375pt x 665.48625pt>
File: ./images/pic15.png Graphic file (type png)

<use ./images/pic15.png>
Package pdftex.def Info: ./images/pic15.png used on input line 58.
(pdftex.def)             Requested size: 390.0pt x 254.2481pt.
 <./images/pic16.png, id=34, 489.83pt x 222.8325pt>
File: ./images/pic16.png Graphic file (type png)

<use ./images/pic16.png>
Package pdftex.def Info: ./images/pic16.png used on input line 60.
(pdftex.def)             Requested size: 390.0pt x 177.423pt.
 [6 <./images/pic14.png>] [7 <./images/pic15.png> <./images/pic16.png>] [8] [9]
 <./images/pic21.png, id=53, 788.9475pt x 685.56125pt>
File: ./images/pic21.png Graphic file (type png)

<use ./images/pic21.png>
Package pdftex.def Info: ./images/pic21.png used on input line 123.
(pdftex.def)             Requested size: 390.0pt x 338.88835pt.
 <./images/pic22.png, id=54, 788.9475pt x 685.56125pt>
File: ./images/pic22.png Graphic file (type png)

<use ./images/pic22.png>
Package pdftex.def Info: ./images/pic22.png used on input line 126.
(pdftex.def)             Requested size: 390.0pt x 338.88835pt.
 <./images/pic23.png, id=55, 788.9475pt x 685.56125pt>
File: ./images/pic23.png Graphic file (type png)

<use ./images/pic23.png>
Package pdftex.def Info: ./images/pic23.png used on input line 129.
(pdftex.def)             Requested size: 390.0pt x 338.88835pt.

<./images/pic24.png, id=56, 1086.0575pt x 607.26875pt>
File: ./images/pic24.png Graphic file (type png)

<use ./images/pic24.png>
Package pdftex.def Info: ./images/pic24.png used on input line 132.
(pdftex.def)             Requested size: 390.0pt x 218.06989pt.

Overfull \hbox (3.64551pt too wide) in paragraph at lines 122--134
\OT1/cmr/m/n/12 Hem ha-gut de mo-di-fi-car el par^^Rametre DOXY-FI-LE[]ENCODING
 i el par^^Rametre
 []

[10 <./images/pic21.png>] [11 <./images/pic22.png>] [12 <./images/pic23.png>]
[13 <./images/pic24.png>]
<./images/pic31.png, id=74, 643.40375pt x 483.8075pt>
File: ./images/pic31.png Graphic file (type png)
 <use ./images/pic31.png>
Package pdftex.def Info: ./images/pic31.png used on input line 137.
(pdftex.def)             Requested size: 390.0pt x 293.26918pt.

[14 <./images/pic31.png>] [15] (./PAC3.aux) ) 
Here is how much of TeX's memory you used:
 2199 strings out of 494966
 31100 string characters out of 6179558
 90828 words of memory out of 5000000
 5375 multiletter control sequences out of 15000+600000
 9683 words of font info for 34 fonts, out of 8000000 for 9000
 40 hyphenation exceptions out of 8191
 38i,8n,23p,683b,189s stack positions out of 5000i,500n,10000p,200000b,80000s
</usr/share/texlive/texmf-dist/fon
ts/type1/public/amsfonts/cm/cmbx12.pfb></usr/share/texlive/texmf-dist/fonts/typ
e1/public/amsfonts/cm/cmbxti10.pfb></usr/share/texlive/texmf-dist/fonts/type1/p
ublic/amsfonts/cm/cmr10.pfb></usr/share/texlive/texmf-dist/fonts/type1/public/a
msfonts/cm/cmr12.pfb></usr/share/texlive/texmf-dist/fonts/type1/public/amsfonts
/cm/cmr7.pfb></usr/share/texlive/texmf-dist/fonts/type1/public/amsfonts/cm/cmr8
.pfb></usr/share/texlive/texmf-dist/fonts/type1/public/amsfonts/cm/cmsy10.pfb><
/usr/share/texlive/texmf-dist/fonts/type1/public/amsfonts/cm/cmti12.pfb></usr/s
hare/texlive/texmf-dist/fonts/type1/public/amsfonts/cm/cmtt12.pfb>
Output written on PAC3.pdf (15 pages, 677101 bytes).
PDF statistics:
 112 PDF objects out of 1000 (max. 8388607)
 63 compressed objects within 1 object stream
 0 named destinations out of 1000 (max. 500000)
 56 words of extra memory for PDF output out of 10000 (max. 10000000)

